[0;35m[DEBUG] [0m[0;34m2020/12/02 20:45:55 [0m[0;33mgithub.com/XieGuochao/HippoCoin/host.(*SingleMiningFunction).New:mining-functions.go:28 [0muse single mining
[0;35m[DEBUG] [0m[0;34m2020/12/02 20:45:55 [0m[0;33mgithub.com/XieGuochao/HippoCoin/host.(*HippoRegister).New:register.go:41 [0mcreate register client success &{0xc0000b9ce0 }
[0;35m[DEBUG] [0m[0;34m2020/12/02 20:45:55 [0m[0;33mgithub.com/XieGuochao/HippoCoin/host.(*HippoRegister).New:register.go:48 [0mregister ping success
[0;35m[DEBUG] [0m[0;34m2020/12/02 20:45:55 [0m[0;33mgithub.com/XieGuochao/HippoCoin/host.(*HippoNetworkClient).SyncNeighbors.func1:network.go:539 [0mneighbors: []
[0;35m[DEBUG] [0m[0;34m2020/12/02 20:45:55 [0m[0;33mgithub.com/XieGuochao/HippoCoin/host.(*HippoNetworkClient).EvictNeighbors:network.go:505 [0m[]
[0;35m[DEBUG] [0m[0;34m2020/12/02 20:45:55 [0m[0;33mgithub.com/XieGuochao/HippoCoin/host.(*HippoNetworkClient).SyncNeighbors.func1:network.go:542 [0mneighbors after eviction: []
[0;35m[DEBUG] [0m[0;34m2020/12/02 20:45:55 [0m[0;33mgithub.com/XieGuochao/HippoCoin/host.(*HippoNetworkClient).SyncNeighbors.func1:network.go:545 [0msync neighbors stop: 31
[0;35m[DEBUG] [0m[0;34m2020/12/02 20:45:55 [0m[0;33mgithub.com/XieGuochao/HippoCoin/host.(*MiningQueue).add:mining-queue.go:127 [0madd block to mining queue: c87794c9793f34fc02c91e622870e674ff7ff9823a22794c1101e179b44383a8
[0;35m[DEBUG] [0m[0;34m2020/12/02 20:45:55 [0m[0;33mgithub.com/XieGuochao/HippoCoin/host.(*MiningQueue).main:mining-queue.go:87 [0mnew block to mining queue: c87794c9793f34fc02c91e622870e674ff7ff9823a22794c1101e179b44383a8
[0;35m[DEBUG] [0m[0;34m2020/12/02 20:45:55 [0m[0;33mgithub.com/XieGuochao/HippoCoin/host.mineBase:mining-functions.go:126 [0mmineBase numBytes: 235
[0;35m[DEBUG] [0m[0;34m2020/12/02 20:45:55 [0m[0;33mgithub.com/XieGuochao/HippoCoin/host.mineBase:mining-functions.go:127 [0mbaseHash: 624d218e3fb8fb7f2cd7a2e4b1ad7e6be8835d0ea07e058e512e4387e73bccb9
[0;35m[DEBUG] [0m[0;34m2020/12/02 20:45:58 [0m[0;33mgithub.com/XieGuochao/HippoCoin/host.mineBase:mining-functions.go:141 [0m[0] found: 2047511283
[0;35m[DEBUG] [0m[0;34m2020/12/02 20:45:58 [0m[0;33mgithub.com/XieGuochao/HippoCoin/host.(*HippoBroadcastQueue).Add:broadcast-queue.go:56 [0mbroadcast queue add: c87794c9793f34fc02c91e622870e674ff7ff9823a22794c1101e179b44383a8
[0;35m[DEBUG] [0m[0;34m2020/12/02 20:45:58 [0m[0;33mgithub.com/XieGuochao/HippoCoin/host.(*HippoBroadcastQueue).Run.func1:broadcast-queue.go:69 [0mbroadcast queue receive broadcast block
[0;35m[DEBUG] [0m[0;34m2020/12/02 20:45:58 [0m[0;33mgithub.com/XieGuochao/HippoCoin/host.(*HippoBroadcastQueue).broadcastBlockSend:broadcast-queue.go:83 [0mreceive broadcast block
[0;35m[DEBUG] [0m[0;34m2020/12/02 20:45:58 [0m[0;33mgithub.com/XieGuochao/HippoCoin/host.(*HippoBroadcastQueue).broadcastBlockSend:broadcast-queue.go:85 [0mneighbors all: []
[0;35m[DEBUG] [0m[0;34m2020/12/02 20:45:58 [0m[0;33mgithub.com/XieGuochao/HippoCoin/host.(*HippoBroadcastQueue).broadcastBlockSend:broadcast-queue.go:99 [0mneighbors to send: map[]
[0;35m[DEBUG] [0m[0;34m2020/12/02 20:45:58 [0m[0;33mgithub.com/XieGuochao/HippoCoin/host.(*HippoBroadcastQueue).broadcastBlockSend:broadcast-queue.go:110 [0mbroadcast send done.
[0;35m[DEBUG] [0m[0;34m2020/12/02 20:45:58 [0m[0;33mgithub.com/XieGuochao/HippoCoin/host.(*HippoStorage).Add:storage.go:158 [0mmain chain: [0xc000342dc0]
[0;35m[DEBUG] [0m[0;34m2020/12/02 20:45:58 [0m[0;33mgithub.com/XieGuochao/HippoCoin/host.(*HippoStorage).Add:storage.go:173 [0mupdate balance end.
[0;35m[DEBUG] [0m[0;34m2020/12/02 20:45:58 [0m[0;33mgithub.com/XieGuochao/HippoCoin/host.(*HippoStorage).Add:storage.go:174 [0mbalance: map[8ea3f7d641467ff45b2db4f0178cdeeba4a4542c3899cb89a04edb2e|f7488c3147a16699cf34067f6ba17ae312eda109bc1c0ba405d4477a:10000000000]
[0;35m[DEBUG] [0m[0;34m2020/12/02 20:45:58 [0m[0;33mgithub.com/XieGuochao/HippoCoin/host.BasicDifficulty:block.go:333 [0mdifficulty: lastinterval -1
[0;35m[DEBUG] [0m[0;34m2020/12/02 20:45:58 [0m[0;33mgithub.com/XieGuochao/HippoCoin/host.(*MiningQueue).add:mining-queue.go:127 [0madd block to mining queue: bf1361a2308730323c5e00a31eac163a41fce9e4a9435a2ea77b554e26c9b9cb
[0;35m[DEBUG] [0m[0;34m2020/12/02 20:45:58 [0m[0;33mgithub.com/XieGuochao/HippoCoin/host.(*MiningQueue).main:mining-queue.go:87 [0mnew block to mining queue: bf1361a2308730323c5e00a31eac163a41fce9e4a9435a2ea77b554e26c9b9cb
[0;35m[DEBUG] [0m[0;34m2020/12/02 20:45:58 [0m[0;33mgithub.com/XieGuochao/HippoCoin/host.mineBase:mining-functions.go:126 [0mmineBase numBytes: 235
[0;35m[DEBUG] [0m[0;34m2020/12/02 20:45:58 [0m[0;33mgithub.com/XieGuochao/HippoCoin/host.mineBase:mining-functions.go:127 [0mbaseHash: eba36246ce8ddadae6aef343718d75093fcb7ecad73e18a788fa04ae63bb64af
[0;35m[DEBUG] [0m[0;34m2020/12/02 20:45:59 [0m[0;33mgithub.com/XieGuochao/HippoCoin/ui.(*UI).New.func3:ui.go:100 [0mmap[c87794c9793f34fc02c91e622870e674ff7ff9823a22794c1101e179b44383a8:0xc000342dc0]
[0;35m[DEBUG] [0m[0;34m2020/12/02 20:45:59 [0m[0;33mgithub.com/XieGuochao/HippoCoin/ui.(*UI).New.func3:ui.go:100 [0mmap[c87794c9793f34fc02c91e622870e674ff7ff9823a22794c1101e179b44383a8:0xc000342dc0]
[0;35m[DEBUG] [0m[0;34m2020/12/02 20:46:00 [0m[0;33mgithub.com/XieGuochao/HippoCoin/host.mineBase:mining-functions.go:141 [0m[0] found: 50828331
[0;35m[DEBUG] [0m[0;34m2020/12/02 20:46:00 [0m[0;33mgithub.com/XieGuochao/HippoCoin/host.(*HippoBroadcastQueue).Add:broadcast-queue.go:56 [0mbroadcast queue add: bf1361a2308730323c5e00a31eac163a41fce9e4a9435a2ea77b554e26c9b9cb
[0;35m[DEBUG] [0m[0;34m2020/12/02 20:46:00 [0m[0;33mgithub.com/XieGuochao/HippoCoin/host.(*HippoBroadcastQueue).Run.func1:broadcast-queue.go:69 [0mbroadcast queue receive broadcast block
[0;35m[DEBUG] [0m[0;34m2020/12/02 20:46:00 [0m[0;33mgithub.com/XieGuochao/HippoCoin/host.(*HippoBroadcastQueue).broadcastBlockSend:broadcast-queue.go:83 [0mreceive broadcast block
[0;35m[DEBUG] [0m[0;34m2020/12/02 20:46:00 [0m[0;33mgithub.com/XieGuochao/HippoCoin/host.(*HippoBroadcastQueue).broadcastBlockSend:broadcast-queue.go:85 [0mneighbors all: []
[0;35m[DEBUG] [0m[0;34m2020/12/02 20:46:00 [0m[0;33mgithub.com/XieGuochao/HippoCoin/host.(*HippoBroadcastQueue).broadcastBlockSend:broadcast-queue.go:99 [0mneighbors to send: map[]
[0;35m[DEBUG] [0m[0;34m2020/12/02 20:46:00 [0m[0;33mgithub.com/XieGuochao/HippoCoin/host.(*HippoBroadcastQueue).broadcastBlockSend:broadcast-queue.go:110 [0mbroadcast send done.
[0;35m[DEBUG] [0m[0;34m2020/12/02 20:46:00 [0m[0;33mgithub.com/XieGuochao/HippoCoin/host.(*HippoStorage).Add:storage.go:158 [0mmain chain: [0xc000342dc0 0xc000342460]
[0;35m[DEBUG] [0m[0;34m2020/12/02 20:46:00 [0m[0;33mgithub.com/XieGuochao/HippoCoin/host.(*HippoStorage).Add:storage.go:173 [0mupdate balance end.
[0;35m[DEBUG] [0m[0;34m2020/12/02 20:46:00 [0m[0;33mgithub.com/XieGuochao/HippoCoin/host.(*HippoStorage).Add:storage.go:174 [0mbalance: map[8ea3f7d641467ff45b2db4f0178cdeeba4a4542c3899cb89a04edb2e|f7488c3147a16699cf34067f6ba17ae312eda109bc1c0ba405d4477a:20000000000]
[0;35m[DEBUG] [0m[0;34m2020/12/02 20:46:00 [0m[0;33mgithub.com/XieGuochao/HippoCoin/host.BasicDifficulty:block.go:333 [0mdifficulty: lastinterval 3
[0;35m[DEBUG] [0m[0;34m2020/12/02 20:46:00 [0m[0;33mgithub.com/XieGuochao/HippoCoin/host.(*MiningQueue).add:mining-queue.go:127 [0madd block to mining queue: c6acb43d17ab25c852941ac13fd4f7df8bd424b9252e5c7b007e7a526be57b18
[0;35m[DEBUG] [0m[0;34m2020/12/02 20:46:00 [0m[0;33mgithub.com/XieGuochao/HippoCoin/host.(*MiningQueue).main:mining-queue.go:87 [0mnew block to mining queue: c6acb43d17ab25c852941ac13fd4f7df8bd424b9252e5c7b007e7a526be57b18
[0;35m[DEBUG] [0m[0;34m2020/12/02 20:46:00 [0m[0;33mgithub.com/XieGuochao/HippoCoin/host.mineBase:mining-functions.go:126 [0mmineBase numBytes: 234
[0;35m[DEBUG] [0m[0;34m2020/12/02 20:46:00 [0m[0;33mgithub.com/XieGuochao/HippoCoin/host.mineBase:mining-functions.go:127 [0mbaseHash: 4f5f88140e2a28a3ad9d6dc8df3324a0c4d23d519da961e92185248a6f4161bb
[0;35m[DEBUG] [0m[0;34m2020/12/02 20:46:01 [0m[0;33mgithub.com/XieGuochao/HippoCoin/ui.(*UI).New.func3:ui.go:100 [0mmap[bf1361a2308730323c5e00a31eac163a41fce9e4a9435a2ea77b554e26c9b9cb:0xc000342460 c87794c9793f34fc02c91e622870e674ff7ff9823a22794c1101e179b44383a8:0xc000342dc0]
[0;35m[DEBUG] [0m[0;34m2020/12/02 20:46:01 [0m[0;33mgithub.com/XieGuochao/HippoCoin/ui.(*UI).New.func3:ui.go:100 [0mmap[bf1361a2308730323c5e00a31eac163a41fce9e4a9435a2ea77b554e26c9b9cb:0xc000342460 c87794c9793f34fc02c91e622870e674ff7ff9823a22794c1101e179b44383a8:0xc000342dc0]
[0;35m[DEBUG] [0m[0;34m2020/12/02 20:46:01 [0m[0;33mgithub.com/XieGuochao/HippoCoin/ui.(*UI).New.func3:ui.go:100 [0mmap[bf1361a2308730323c5e00a31eac163a41fce9e4a9435a2ea77b554e26c9b9cb:0xc000342460 c87794c9793f34fc02c91e622870e674ff7ff9823a22794c1101e179b44383a8:0xc000342dc0]
[0;35m[DEBUG] [0m[0;34m2020/12/02 20:46:01 [0m[0;33mgithub.com/XieGuochao/HippoCoin/host.mineBase:mining-functions.go:141 [0m[0] found: 486198780
[0;35m[DEBUG] [0m[0;34m2020/12/02 20:46:01 [0m[0;33mgithub.com/XieGuochao/HippoCoin/host.(*HippoBroadcastQueue).Add:broadcast-queue.go:56 [0mbroadcast queue add: c6acb43d17ab25c852941ac13fd4f7df8bd424b9252e5c7b007e7a526be57b18
[0;35m[DEBUG] [0m[0;34m2020/12/02 20:46:01 [0m[0;33mgithub.com/XieGuochao/HippoCoin/host.(*HippoBroadcastQueue).Run.func1:broadcast-queue.go:69 [0mbroadcast queue receive broadcast block
[0;35m[DEBUG] [0m[0;34m2020/12/02 20:46:01 [0m[0;33mgithub.com/XieGuochao/HippoCoin/host.(*HippoBroadcastQueue).broadcastBlockSend:broadcast-queue.go:83 [0mreceive broadcast block
[0;35m[DEBUG] [0m[0;34m2020/12/02 20:46:01 [0m[0;33mgithub.com/XieGuochao/HippoCoin/host.(*HippoBroadcastQueue).broadcastBlockSend:broadcast-queue.go:85 [0mneighbors all: []
[0;35m[DEBUG] [0m[0;34m2020/12/02 20:46:01 [0m[0;33mgithub.com/XieGuochao/HippoCoin/host.(*HippoBroadcastQueue).broadcastBlockSend:broadcast-queue.go:99 [0mneighbors to send: map[]
[0;35m[DEBUG] [0m[0;34m2020/12/02 20:46:01 [0m[0;33mgithub.com/XieGuochao/HippoCoin/host.(*HippoBroadcastQueue).broadcastBlockSend:broadcast-queue.go:110 [0mbroadcast send done.
[0;35m[DEBUG] [0m[0;34m2020/12/02 20:46:01 [0m[0;33mgithub.com/XieGuochao/HippoCoin/host.(*HippoStorage).Add:storage.go:158 [0mmain chain: [0xc000342dc0 0xc000342460 0xc0000c1220]
[0;35m[DEBUG] [0m[0;34m2020/12/02 20:46:01 [0m[0;33mgithub.com/XieGuochao/HippoCoin/host.(*HippoStorage).Add:storage.go:173 [0mupdate balance end.
[0;35m[DEBUG] [0m[0;34m2020/12/02 20:46:01 [0m[0;33mgithub.com/XieGuochao/HippoCoin/host.(*HippoStorage).Add:storage.go:174 [0mbalance: map[8ea3f7d641467ff45b2db4f0178cdeeba4a4542c3899cb89a04edb2e|f7488c3147a16699cf34067f6ba17ae312eda109bc1c0ba405d4477a:30000000000]
[0;35m[DEBUG] [0m[0;34m2020/12/02 20:46:02 [0m[0;33mgithub.com/XieGuochao/HippoCoin/host.BasicDifficulty:block.go:333 [0mdifficulty: lastinterval 2
[0;35m[DEBUG] [0m[0;34m2020/12/02 20:46:02 [0m[0;33mgithub.com/XieGuochao/HippoCoin/host.(*MiningQueue).add:mining-queue.go:127 [0madd block to mining queue: 85d04a382269423b6e2822913c5f7308b36d3666b69c35d6f5f7c203b5562a99
[0;35m[DEBUG] [0m[0;34m2020/12/02 20:46:02 [0m[0;33mgithub.com/XieGuochao/HippoCoin/host.(*MiningQueue).main:mining-queue.go:87 [0mnew block to mining queue: 85d04a382269423b6e2822913c5f7308b36d3666b69c35d6f5f7c203b5562a99
[0;35m[DEBUG] [0m[0;34m2020/12/02 20:46:02 [0m[0;33mgithub.com/XieGuochao/HippoCoin/host.mineBase:mining-functions.go:126 [0mmineBase numBytes: 233
[0;35m[DEBUG] [0m[0;34m2020/12/02 20:46:02 [0m[0;33mgithub.com/XieGuochao/HippoCoin/host.mineBase:mining-functions.go:127 [0mbaseHash: ee3853245bcfcd968cb0631f9c0bf93701344ddb4d0d805a2b78acb6b2eebab0
[0;35m[DEBUG] [0m[0;34m2020/12/02 20:46:06 [0m[0;33mgithub.com/XieGuochao/HippoCoin/host.mineBase:mining-functions.go:141 [0m[0] found: 2909239719
[0;35m[DEBUG] [0m[0;34m2020/12/02 20:46:06 [0m[0;33mgithub.com/XieGuochao/HippoCoin/host.(*HippoBroadcastQueue).Add:broadcast-queue.go:56 [0mbroadcast queue add: 85d04a382269423b6e2822913c5f7308b36d3666b69c35d6f5f7c203b5562a99
[0;35m[DEBUG] [0m[0;34m2020/12/02 20:46:06 [0m[0;33mgithub.com/XieGuochao/HippoCoin/host.(*HippoBroadcastQueue).Run.func1:broadcast-queue.go:69 [0mbroadcast queue receive broadcast block
[0;35m[DEBUG] [0m[0;34m2020/12/02 20:46:06 [0m[0;33mgithub.com/XieGuochao/HippoCoin/host.(*HippoBroadcastQueue).broadcastBlockSend:broadcast-queue.go:83 [0mreceive broadcast block
[0;35m[DEBUG] [0m[0;34m2020/12/02 20:46:06 [0m[0;33mgithub.com/XieGuochao/HippoCoin/host.(*HippoBroadcastQueue).broadcastBlockSend:broadcast-queue.go:85 [0mneighbors all: []
[0;35m[DEBUG] [0m[0;34m2020/12/02 20:46:06 [0m[0;33mgithub.com/XieGuochao/HippoCoin/host.(*HippoBroadcastQueue).broadcastBlockSend:broadcast-queue.go:99 [0mneighbors to send: map[]
[0;35m[DEBUG] [0m[0;34m2020/12/02 20:46:06 [0m[0;33mgithub.com/XieGuochao/HippoCoin/host.(*HippoBroadcastQueue).broadcastBlockSend:broadcast-queue.go:110 [0mbroadcast send done.
[0;35m[DEBUG] [0m[0;34m2020/12/02 20:46:06 [0m[0;33mgithub.com/XieGuochao/HippoCoin/host.(*HippoStorage).Add:storage.go:158 [0mmain chain: [0xc000342dc0 0xc000342460 0xc0000c1220 0xc0000c15e0]
[0;35m[DEBUG] [0m[0;34m2020/12/02 20:46:06 [0m[0;33mgithub.com/XieGuochao/HippoCoin/host.(*HippoStorage).Add:storage.go:173 [0mupdate balance end.
[0;35m[DEBUG] [0m[0;34m2020/12/02 20:46:06 [0m[0;33mgithub.com/XieGuochao/HippoCoin/host.(*HippoStorage).Add:storage.go:174 [0mbalance: map[8ea3f7d641467ff45b2db4f0178cdeeba4a4542c3899cb89a04edb2e|f7488c3147a16699cf34067f6ba17ae312eda109bc1c0ba405d4477a:40000000000]
[0;35m[DEBUG] [0m[0;34m2020/12/02 20:46:07 [0m[0;33mgithub.com/XieGuochao/HippoCoin/host.BasicDifficulty:block.go:333 [0mdifficulty: lastinterval 2
[0;35m[DEBUG] [0m[0;34m2020/12/02 20:46:07 [0m[0;33mgithub.com/XieGuochao/HippoCoin/host.(*MiningQueue).add:mining-queue.go:127 [0madd block to mining queue: 05d750dedce09e9e429c7a05e737b4ca016e054d0b3946ed4acd6bf6e73e45c0
[0;35m[DEBUG] [0m[0;34m2020/12/02 20:46:07 [0m[0;33mgithub.com/XieGuochao/HippoCoin/host.(*MiningQueue).main:mining-queue.go:87 [0mnew block to mining queue: 05d750dedce09e9e429c7a05e737b4ca016e054d0b3946ed4acd6bf6e73e45c0
[0;35m[DEBUG] [0m[0;34m2020/12/02 20:46:07 [0m[0;33mgithub.com/XieGuochao/HippoCoin/host.mineBase:mining-functions.go:126 [0mmineBase numBytes: 232
[0;35m[DEBUG] [0m[0;34m2020/12/02 20:46:07 [0m[0;33mgithub.com/XieGuochao/HippoCoin/host.mineBase:mining-functions.go:127 [0mbaseHash: e1a913f72719ce7353cab0db0163bf7d91e2202b052f0747fae277573dca2f24
[0;35m[DEBUG] [0m[0;34m2020/12/02 20:46:10 [0m[0;33mgithub.com/XieGuochao/HippoCoin/host.mineBase:mining-functions.go:141 [0m[0] found: 2842317382
[0;35m[DEBUG] [0m[0;34m2020/12/02 20:46:10 [0m[0;33mgithub.com/XieGuochao/HippoCoin/host.(*HippoBroadcastQueue).Add:broadcast-queue.go:56 [0mbroadcast queue add: 05d750dedce09e9e429c7a05e737b4ca016e054d0b3946ed4acd6bf6e73e45c0
[0;35m[DEBUG] [0m[0;34m2020/12/02 20:46:10 [0m[0;33mgithub.com/XieGuochao/HippoCoin/host.(*HippoBroadcastQueue).Run.func1:broadcast-queue.go:69 [0mbroadcast queue receive broadcast block
[0;35m[DEBUG] [0m[0;34m2020/12/02 20:46:10 [0m[0;33mgithub.com/XieGuochao/HippoCoin/host.(*HippoBroadcastQueue).broadcastBlockSend:broadcast-queue.go:83 [0mreceive broadcast block
[0;35m[DEBUG] [0m[0;34m2020/12/02 20:46:10 [0m[0;33mgithub.com/XieGuochao/HippoCoin/host.(*HippoBroadcastQueue).broadcastBlockSend:broadcast-queue.go:85 [0mneighbors all: []
[0;35m[DEBUG] [0m[0;34m2020/12/02 20:46:10 [0m[0;33mgithub.com/XieGuochao/HippoCoin/host.(*HippoBroadcastQueue).broadcastBlockSend:broadcast-queue.go:99 [0mneighbors to send: map[]
[0;35m[DEBUG] [0m[0;34m2020/12/02 20:46:10 [0m[0;33mgithub.com/XieGuochao/HippoCoin/host.(*HippoBroadcastQueue).broadcastBlockSend:broadcast-queue.go:110 [0mbroadcast send done.
[0;35m[DEBUG] [0m[0;34m2020/12/02 20:46:10 [0m[0;33mgithub.com/XieGuochao/HippoCoin/host.(*HippoStorage).Add:storage.go:158 [0mmain chain: [0xc000342dc0 0xc000342460 0xc0000c1220 0xc0000c15e0 0xc0000c19a0]
[0;35m[DEBUG] [0m[0;34m2020/12/02 20:46:10 [0m[0;33mgithub.com/XieGuochao/HippoCoin/host.(*HippoStorage).Add:storage.go:173 [0mupdate balance end.
[0;35m[DEBUG] [0m[0;34m2020/12/02 20:46:10 [0m[0;33mgithub.com/XieGuochao/HippoCoin/host.(*HippoStorage).Add:storage.go:174 [0mbalance: map[8ea3f7d641467ff45b2db4f0178cdeeba4a4542c3899cb89a04edb2e|f7488c3147a16699cf34067f6ba17ae312eda109bc1c0ba405d4477a:50000000000]
[0;35m[DEBUG] [0m[0;34m2020/12/02 20:46:10 [0m[0;33mgithub.com/XieGuochao/HippoCoin/host.BasicDifficulty:block.go:333 [0mdifficulty: lastinterval 5
[0;35m[DEBUG] [0m[0;34m2020/12/02 20:46:10 [0m[0;33mgithub.com/XieGuochao/HippoCoin/host.(*MiningQueue).add:mining-queue.go:127 [0madd block to mining queue: 51b4f4479d4e1c6f5a498deb61ac05cd2f5b6388e2c91d6e506ed8f011c66530
[0;35m[DEBUG] [0m[0;34m2020/12/02 20:46:10 [0m[0;33mgithub.com/XieGuochao/HippoCoin/host.(*MiningQueue).main:mining-queue.go:87 [0mnew block to mining queue: 51b4f4479d4e1c6f5a498deb61ac05cd2f5b6388e2c91d6e506ed8f011c66530
[0;35m[DEBUG] [0m[0;34m2020/12/02 20:46:10 [0m[0;33mgithub.com/XieGuochao/HippoCoin/host.mineBase:mining-functions.go:126 [0mmineBase numBytes: 231
[0;35m[DEBUG] [0m[0;34m2020/12/02 20:46:10 [0m[0;33mgithub.com/XieGuochao/HippoCoin/host.mineBase:mining-functions.go:127 [0mbaseHash: 6465a27f2a90fa81260d1626eb257b43fdc58f3bf6e0cd6c965815d7fb3f80db
