[0;35m[DEBUG] [0m[0;34m2020/12/02 20:46:52 [0m[0;33mgithub.com/XieGuochao/HippoCoin/host.(*SingleMiningFunction).New:mining-functions.go:28 [0muse single mining
[0;35m[DEBUG] [0m[0;34m2020/12/02 20:46:52 [0m[0;33mgithub.com/XieGuochao/HippoCoin/host.(*HippoRegister).New:register.go:41 [0mcreate register client success &{0xc000272000 }
[0;35m[DEBUG] [0m[0;34m2020/12/02 20:46:52 [0m[0;33mgithub.com/XieGuochao/HippoCoin/host.(*HippoRegister).New:register.go:48 [0mregister ping success
[0;35m[DEBUG] [0m[0;34m2020/12/02 20:46:52 [0m[0;33mgithub.com/XieGuochao/HippoCoin/host.(*MiningQueue).add:mining-queue.go:127 [0madd block to mining queue: 1e5c1a0cde44d965b3b29dee5eab4b0fce4bce8aba8982921ff406f8152c8df4
[0;35m[DEBUG] [0m[0;34m2020/12/02 20:46:52 [0m[0;33mgithub.com/XieGuochao/HippoCoin/host.(*MiningQueue).main:mining-queue.go:87 [0mnew block to mining queue: 1e5c1a0cde44d965b3b29dee5eab4b0fce4bce8aba8982921ff406f8152c8df4
[0;35m[DEBUG] [0m[0;34m2020/12/02 20:46:52 [0m[0;33mgithub.com/XieGuochao/HippoCoin/host.mineBase:mining-functions.go:126 [0mmineBase numBytes: 235
[0;35m[DEBUG] [0m[0;34m2020/12/02 20:46:52 [0m[0;33mgithub.com/XieGuochao/HippoCoin/host.mineBase:mining-functions.go:127 [0mbaseHash: 0afd623c8bb81caf5b0398c60681e0bb4f8a76204363568837a086726ee8c111
[0;35m[DEBUG] [0m[0;34m2020/12/02 20:46:52 [0m[0;33mgithub.com/XieGuochao/HippoCoin/host.(*HippoNetworkClient).SyncNeighbors.func1:network.go:539 [0mneighbors: []
[0;35m[DEBUG] [0m[0;34m2020/12/02 20:46:52 [0m[0;33mgithub.com/XieGuochao/HippoCoin/host.(*HippoNetworkClient).EvictNeighbors:network.go:505 [0m[]
[0;35m[DEBUG] [0m[0;34m2020/12/02 20:46:52 [0m[0;33mgithub.com/XieGuochao/HippoCoin/host.(*HippoNetworkClient).SyncNeighbors.func1:network.go:542 [0mneighbors after eviction: []
[0;35m[DEBUG] [0m[0;34m2020/12/02 20:46:52 [0m[0;33mgithub.com/XieGuochao/HippoCoin/host.(*HippoNetworkClient).SyncNeighbors.func1:network.go:545 [0msync neighbors stop: 30
[0;35m[DEBUG] [0m[0;34m2020/12/02 20:46:54 [0m[0;33mgithub.com/XieGuochao/HippoCoin/host.mineBase:mining-functions.go:141 [0m[0] found: 4104770121
[0;35m[DEBUG] [0m[0;34m2020/12/02 20:46:54 [0m[0;33mgithub.com/XieGuochao/HippoCoin/host.(*HippoBroadcastQueue).Add:broadcast-queue.go:56 [0mbroadcast queue add: 1e5c1a0cde44d965b3b29dee5eab4b0fce4bce8aba8982921ff406f8152c8df4
[0;35m[DEBUG] [0m[0;34m2020/12/02 20:46:54 [0m[0;33mgithub.com/XieGuochao/HippoCoin/host.(*HippoBroadcastQueue).Run.func1:broadcast-queue.go:69 [0mbroadcast queue receive broadcast block
[0;35m[DEBUG] [0m[0;34m2020/12/02 20:46:54 [0m[0;33mgithub.com/XieGuochao/HippoCoin/host.(*HippoBroadcastQueue).broadcastBlockSend:broadcast-queue.go:83 [0mreceive broadcast block
[0;35m[DEBUG] [0m[0;34m2020/12/02 20:46:54 [0m[0;33mgithub.com/XieGuochao/HippoCoin/host.(*HippoBroadcastQueue).broadcastBlockSend:broadcast-queue.go:85 [0mneighbors all: []
[0;35m[DEBUG] [0m[0;34m2020/12/02 20:46:54 [0m[0;33mgithub.com/XieGuochao/HippoCoin/host.(*HippoBroadcastQueue).broadcastBlockSend:broadcast-queue.go:99 [0mneighbors to send: map[]
[0;35m[DEBUG] [0m[0;34m2020/12/02 20:46:54 [0m[0;33mgithub.com/XieGuochao/HippoCoin/host.(*HippoBroadcastQueue).broadcastBlockSend:broadcast-queue.go:110 [0mbroadcast send done.
[0;35m[DEBUG] [0m[0;34m2020/12/02 20:46:54 [0m[0;33mgithub.com/XieGuochao/HippoCoin/host.(*HippoStorage).Add:storage.go:158 [0mmain chain: [0xc0001d6dc0]
[0;35m[DEBUG] [0m[0;34m2020/12/02 20:46:54 [0m[0;33mgithub.com/XieGuochao/HippoCoin/host.(*HippoStorage).Add:storage.go:173 [0mupdate balance end.
[0;35m[DEBUG] [0m[0;34m2020/12/02 20:46:54 [0m[0;33mgithub.com/XieGuochao/HippoCoin/host.(*HippoStorage).Add:storage.go:174 [0mbalance: map[4b510fc4e45b2205e11807a04599a510ac446ad785fa616ac3aa1cb2|399bc9e4ab113449d71ad874d58c1573c5350b26d3fc487d4e948625:10000000000]
[0;35m[DEBUG] [0m[0;34m2020/12/02 20:46:54 [0m[0;33mgithub.com/XieGuochao/HippoCoin/host.BasicDifficulty:block.go:333 [0mdifficulty: lastinterval -1
[0;35m[DEBUG] [0m[0;34m2020/12/02 20:46:54 [0m[0;33mgithub.com/XieGuochao/HippoCoin/host.(*MiningQueue).add:mining-queue.go:127 [0madd block to mining queue: 4806d0ec7c7cd68ca1e33cb19f65d3c3ed67fc45e1566260f717faf94c4acebc
[0;35m[DEBUG] [0m[0;34m2020/12/02 20:46:54 [0m[0;33mgithub.com/XieGuochao/HippoCoin/host.(*MiningQueue).main:mining-queue.go:87 [0mnew block to mining queue: 4806d0ec7c7cd68ca1e33cb19f65d3c3ed67fc45e1566260f717faf94c4acebc
[0;35m[DEBUG] [0m[0;34m2020/12/02 20:46:54 [0m[0;33mgithub.com/XieGuochao/HippoCoin/host.mineBase:mining-functions.go:126 [0mmineBase numBytes: 235
[0;35m[DEBUG] [0m[0;34m2020/12/02 20:46:54 [0m[0;33mgithub.com/XieGuochao/HippoCoin/host.mineBase:mining-functions.go:127 [0mbaseHash: bc6b553fa51f518d13a2050600bc34c69a6123f553faf82fd266b34e7af2f290
[0;35m[DEBUG] [0m[0;34m2020/12/02 20:46:54 [0m[0;33mgithub.com/XieGuochao/HippoCoin/host.mineBase:mining-functions.go:141 [0m[0] found: 270132136
[0;35m[DEBUG] [0m[0;34m2020/12/02 20:46:54 [0m[0;33mgithub.com/XieGuochao/HippoCoin/host.(*HippoBroadcastQueue).Add:broadcast-queue.go:56 [0mbroadcast queue add: 4806d0ec7c7cd68ca1e33cb19f65d3c3ed67fc45e1566260f717faf94c4acebc
[0;35m[DEBUG] [0m[0;34m2020/12/02 20:46:54 [0m[0;33mgithub.com/XieGuochao/HippoCoin/host.(*HippoBroadcastQueue).Run.func1:broadcast-queue.go:69 [0mbroadcast queue receive broadcast block
[0;35m[DEBUG] [0m[0;34m2020/12/02 20:46:54 [0m[0;33mgithub.com/XieGuochao/HippoCoin/host.(*HippoBroadcastQueue).broadcastBlockSend:broadcast-queue.go:83 [0mreceive broadcast block
[0;35m[DEBUG] [0m[0;34m2020/12/02 20:46:54 [0m[0;33mgithub.com/XieGuochao/HippoCoin/host.(*HippoBroadcastQueue).broadcastBlockSend:broadcast-queue.go:85 [0mneighbors all: []
[0;35m[DEBUG] [0m[0;34m2020/12/02 20:46:54 [0m[0;33mgithub.com/XieGuochao/HippoCoin/host.(*HippoBroadcastQueue).broadcastBlockSend:broadcast-queue.go:99 [0mneighbors to send: map[]
[0;35m[DEBUG] [0m[0;34m2020/12/02 20:46:54 [0m[0;33mgithub.com/XieGuochao/HippoCoin/host.(*HippoBroadcastQueue).broadcastBlockSend:broadcast-queue.go:110 [0mbroadcast send done.
[0;35m[DEBUG] [0m[0;34m2020/12/02 20:46:54 [0m[0;33mgithub.com/XieGuochao/HippoCoin/host.(*HippoStorage).Add:storage.go:158 [0mmain chain: [0xc0001d6dc0 0xc000178280]
[0;35m[DEBUG] [0m[0;34m2020/12/02 20:46:54 [0m[0;33mgithub.com/XieGuochao/HippoCoin/host.(*HippoStorage).Add:storage.go:173 [0mupdate balance end.
[0;35m[DEBUG] [0m[0;34m2020/12/02 20:46:54 [0m[0;33mgithub.com/XieGuochao/HippoCoin/host.(*HippoStorage).Add:storage.go:174 [0mbalance: map[4b510fc4e45b2205e11807a04599a510ac446ad785fa616ac3aa1cb2|399bc9e4ab113449d71ad874d58c1573c5350b26d3fc487d4e948625:20000000000]
[0;35m[DEBUG] [0m[0;34m2020/12/02 20:46:55 [0m[0;33mgithub.com/XieGuochao/HippoCoin/ui.(*UI).New.func3:ui.go:100 [0mmap[1e5c1a0cde44d965b3b29dee5eab4b0fce4bce8aba8982921ff406f8152c8df4:0xc0001d6dc0 4806d0ec7c7cd68ca1e33cb19f65d3c3ed67fc45e1566260f717faf94c4acebc:0xc000178280]
[0;35m[DEBUG] [0m[0;34m2020/12/02 20:46:55 [0m[0;33mgithub.com/XieGuochao/HippoCoin/host.BasicDifficulty:block.go:333 [0mdifficulty: lastinterval 2
[0;35m[DEBUG] [0m[0;34m2020/12/02 20:46:55 [0m[0;33mgithub.com/XieGuochao/HippoCoin/host.(*MiningQueue).add:mining-queue.go:127 [0madd block to mining queue: 39196bb88dc1c5bd4126b5b5d5b7fd1ef2f4ca71b32a0b942f2fca99f2f0582b
[0;35m[DEBUG] [0m[0;34m2020/12/02 20:46:55 [0m[0;33mgithub.com/XieGuochao/HippoCoin/host.(*MiningQueue).main:mining-queue.go:87 [0mnew block to mining queue: 39196bb88dc1c5bd4126b5b5d5b7fd1ef2f4ca71b32a0b942f2fca99f2f0582b
[0;35m[DEBUG] [0m[0;34m2020/12/02 20:46:55 [0m[0;33mgithub.com/XieGuochao/HippoCoin/host.mineBase:mining-functions.go:126 [0mmineBase numBytes: 234
[0;35m[DEBUG] [0m[0;34m2020/12/02 20:46:55 [0m[0;33mgithub.com/XieGuochao/HippoCoin/host.mineBase:mining-functions.go:127 [0mbaseHash: 3a2d9715d1b7e189445654d77543fd2e83a55c1b7471b1c1320a88fe703cde9e
[0;35m[DEBUG] [0m[0;34m2020/12/02 20:46:56 [0m[0;33mgithub.com/XieGuochao/HippoCoin/ui.(*UI).New.func3:ui.go:100 [0mmap[1e5c1a0cde44d965b3b29dee5eab4b0fce4bce8aba8982921ff406f8152c8df4:0xc0001d6dc0 4806d0ec7c7cd68ca1e33cb19f65d3c3ed67fc45e1566260f717faf94c4acebc:0xc000178280]
[0;35m[DEBUG] [0m[0;34m2020/12/02 20:46:56 [0m[0;33mgithub.com/XieGuochao/HippoCoin/host.mineBase:mining-functions.go:141 [0m[0] found: 731414379
[0;35m[DEBUG] [0m[0;34m2020/12/02 20:46:56 [0m[0;33mgithub.com/XieGuochao/HippoCoin/host.(*HippoBroadcastQueue).Add:broadcast-queue.go:56 [0mbroadcast queue add: 39196bb88dc1c5bd4126b5b5d5b7fd1ef2f4ca71b32a0b942f2fca99f2f0582b
[0;35m[DEBUG] [0m[0;34m2020/12/02 20:46:56 [0m[0;33mgithub.com/XieGuochao/HippoCoin/host.(*HippoBroadcastQueue).Run.func1:broadcast-queue.go:69 [0mbroadcast queue receive broadcast block
[0;35m[DEBUG] [0m[0;34m2020/12/02 20:46:56 [0m[0;33mgithub.com/XieGuochao/HippoCoin/host.(*HippoBroadcastQueue).broadcastBlockSend:broadcast-queue.go:83 [0mreceive broadcast block
[0;35m[DEBUG] [0m[0;34m2020/12/02 20:46:56 [0m[0;33mgithub.com/XieGuochao/HippoCoin/host.(*HippoBroadcastQueue).broadcastBlockSend:broadcast-queue.go:85 [0mneighbors all: []
[0;35m[DEBUG] [0m[0;34m2020/12/02 20:46:56 [0m[0;33mgithub.com/XieGuochao/HippoCoin/host.(*HippoBroadcastQueue).broadcastBlockSend:broadcast-queue.go:99 [0mneighbors to send: map[]
[0;35m[DEBUG] [0m[0;34m2020/12/02 20:46:56 [0m[0;33mgithub.com/XieGuochao/HippoCoin/host.(*HippoBroadcastQueue).broadcastBlockSend:broadcast-queue.go:110 [0mbroadcast send done.
[0;35m[DEBUG] [0m[0;34m2020/12/02 20:46:56 [0m[0;33mgithub.com/XieGuochao/HippoCoin/host.(*HippoStorage).Add:storage.go:158 [0mmain chain: [0xc0001d6dc0 0xc000178280 0xc00064a0a0]
[0;35m[DEBUG] [0m[0;34m2020/12/02 20:46:56 [0m[0;33mgithub.com/XieGuochao/HippoCoin/host.(*HippoStorage).Add:storage.go:173 [0mupdate balance end.
[0;35m[DEBUG] [0m[0;34m2020/12/02 20:46:56 [0m[0;33mgithub.com/XieGuochao/HippoCoin/host.(*HippoStorage).Add:storage.go:174 [0mbalance: map[4b510fc4e45b2205e11807a04599a510ac446ad785fa616ac3aa1cb2|399bc9e4ab113449d71ad874d58c1573c5350b26d3fc487d4e948625:30000000000]
[0;35m[DEBUG] [0m[0;34m2020/12/02 20:46:56 [0m[0;33mgithub.com/XieGuochao/HippoCoin/host.BasicDifficulty:block.go:333 [0mdifficulty: lastinterval 1
[0;35m[DEBUG] [0m[0;34m2020/12/02 20:46:56 [0m[0;33mgithub.com/XieGuochao/HippoCoin/host.(*MiningQueue).add:mining-queue.go:127 [0madd block to mining queue: cab71f2aebc5cd6a29e3843c1488c1feaaeaeaf1f1a3a1d5e4328de6fd8ecac7
[0;35m[DEBUG] [0m[0;34m2020/12/02 20:46:56 [0m[0;33mgithub.com/XieGuochao/HippoCoin/host.(*MiningQueue).main:mining-queue.go:87 [0mnew block to mining queue: cab71f2aebc5cd6a29e3843c1488c1feaaeaeaf1f1a3a1d5e4328de6fd8ecac7
[0;35m[DEBUG] [0m[0;34m2020/12/02 20:46:56 [0m[0;33mgithub.com/XieGuochao/HippoCoin/host.mineBase:mining-functions.go:126 [0mmineBase numBytes: 233
[0;35m[DEBUG] [0m[0;34m2020/12/02 20:46:56 [0m[0;33mgithub.com/XieGuochao/HippoCoin/host.mineBase:mining-functions.go:127 [0mbaseHash: d333d32e367037a99d1bbf2f103d22dc48755ae992f47cc35a0c918e274a3ddf
[0;35m[DEBUG] [0m[0;34m2020/12/02 20:46:56 [0m[0;33mgithub.com/XieGuochao/HippoCoin/ui.(*UI).New.func3:ui.go:100 [0mmap[1e5c1a0cde44d965b3b29dee5eab4b0fce4bce8aba8982921ff406f8152c8df4:0xc0001d6dc0 39196bb88dc1c5bd4126b5b5d5b7fd1ef2f4ca71b32a0b942f2fca99f2f0582b:0xc00064a0a0 4806d0ec7c7cd68ca1e33cb19f65d3c3ed67fc45e1566260f717faf94c4acebc:0xc000178280]
[0;35m[DEBUG] [0m[0;34m2020/12/02 20:46:57 [0m[0;33mgithub.com/XieGuochao/HippoCoin/ui.(*UI).New.func3:ui.go:100 [0mmap[1e5c1a0cde44d965b3b29dee5eab4b0fce4bce8aba8982921ff406f8152c8df4:0xc0001d6dc0 39196bb88dc1c5bd4126b5b5d5b7fd1ef2f4ca71b32a0b942f2fca99f2f0582b:0xc00064a0a0 4806d0ec7c7cd68ca1e33cb19f65d3c3ed67fc45e1566260f717faf94c4acebc:0xc000178280]
[0;35m[DEBUG] [0m[0;34m2020/12/02 20:46:57 [0m[0;33mgithub.com/XieGuochao/HippoCoin/ui.(*UI).New.func3:ui.go:100 [0mmap[1e5c1a0cde44d965b3b29dee5eab4b0fce4bce8aba8982921ff406f8152c8df4:0xc0001d6dc0 39196bb88dc1c5bd4126b5b5d5b7fd1ef2f4ca71b32a0b942f2fca99f2f0582b:0xc00064a0a0 4806d0ec7c7cd68ca1e33cb19f65d3c3ed67fc45e1566260f717faf94c4acebc:0xc000178280]
[0;35m[DEBUG] [0m[0;34m2020/12/02 20:46:57 [0m[0;33mgithub.com/XieGuochao/HippoCoin/ui.(*UI).New.func3:ui.go:100 [0mmap[1e5c1a0cde44d965b3b29dee5eab4b0fce4bce8aba8982921ff406f8152c8df4:0xc0001d6dc0 39196bb88dc1c5bd4126b5b5d5b7fd1ef2f4ca71b32a0b942f2fca99f2f0582b:0xc00064a0a0 4806d0ec7c7cd68ca1e33cb19f65d3c3ed67fc45e1566260f717faf94c4acebc:0xc000178280]
[0;35m[DEBUG] [0m[0;34m2020/12/02 20:46:57 [0m[0;33mgithub.com/XieGuochao/HippoCoin/ui.(*UI).New.func3:ui.go:100 [0mmap[1e5c1a0cde44d965b3b29dee5eab4b0fce4bce8aba8982921ff406f8152c8df4:0xc0001d6dc0 39196bb88dc1c5bd4126b5b5d5b7fd1ef2f4ca71b32a0b942f2fca99f2f0582b:0xc00064a0a0 4806d0ec7c7cd68ca1e33cb19f65d3c3ed67fc45e1566260f717faf94c4acebc:0xc000178280]
[0;35m[DEBUG] [0m[0;34m2020/12/02 20:46:58 [0m[0;33mgithub.com/XieGuochao/HippoCoin/ui.(*UI).New.func3:ui.go:100 [0mmap[1e5c1a0cde44d965b3b29dee5eab4b0fce4bce8aba8982921ff406f8152c8df4:0xc0001d6dc0 39196bb88dc1c5bd4126b5b5d5b7fd1ef2f4ca71b32a0b942f2fca99f2f0582b:0xc00064a0a0 4806d0ec7c7cd68ca1e33cb19f65d3c3ed67fc45e1566260f717faf94c4acebc:0xc000178280]
[0;35m[DEBUG] [0m[0;34m2020/12/02 20:47:02 [0m[0;33mgithub.com/XieGuochao/HippoCoin/host.mineBase:mining-functions.go:141 [0m[0] found: 1125041620
[0;35m[DEBUG] [0m[0;34m2020/12/02 20:47:02 [0m[0;33mgithub.com/XieGuochao/HippoCoin/host.(*HippoBroadcastQueue).Add:broadcast-queue.go:56 [0mbroadcast queue add: cab71f2aebc5cd6a29e3843c1488c1feaaeaeaf1f1a3a1d5e4328de6fd8ecac7
[0;35m[DEBUG] [0m[0;34m2020/12/02 20:47:02 [0m[0;33mgithub.com/XieGuochao/HippoCoin/host.(*HippoBroadcastQueue).Run.func1:broadcast-queue.go:69 [0mbroadcast queue receive broadcast block
[0;35m[DEBUG] [0m[0;34m2020/12/02 20:47:02 [0m[0;33mgithub.com/XieGuochao/HippoCoin/host.(*HippoBroadcastQueue).broadcastBlockSend:broadcast-queue.go:83 [0mreceive broadcast block
[0;35m[DEBUG] [0m[0;34m2020/12/02 20:47:02 [0m[0;33mgithub.com/XieGuochao/HippoCoin/host.(*HippoBroadcastQueue).broadcastBlockSend:broadcast-queue.go:85 [0mneighbors all: []
[0;35m[DEBUG] [0m[0;34m2020/12/02 20:47:02 [0m[0;33mgithub.com/XieGuochao/HippoCoin/host.(*HippoBroadcastQueue).broadcastBlockSend:broadcast-queue.go:99 [0mneighbors to send: map[]
[0;35m[DEBUG] [0m[0;34m2020/12/02 20:47:02 [0m[0;33mgithub.com/XieGuochao/HippoCoin/host.(*HippoBroadcastQueue).broadcastBlockSend:broadcast-queue.go:110 [0mbroadcast send done.
[0;35m[DEBUG] [0m[0;34m2020/12/02 20:47:02 [0m[0;33mgithub.com/XieGuochao/HippoCoin/host.(*HippoStorage).Add:storage.go:158 [0mmain chain: [0xc0001d6dc0 0xc000178280 0xc00064a0a0 0xc0000a30e0]
[0;35m[DEBUG] [0m[0;34m2020/12/02 20:47:02 [0m[0;33mgithub.com/XieGuochao/HippoCoin/host.(*HippoStorage).Add:storage.go:173 [0mupdate balance end.
[0;35m[DEBUG] [0m[0;34m2020/12/02 20:47:02 [0m[0;33mgithub.com/XieGuochao/HippoCoin/host.(*HippoStorage).Add:storage.go:174 [0mbalance: map[4b510fc4e45b2205e11807a04599a510ac446ad785fa616ac3aa1cb2|399bc9e4ab113449d71ad874d58c1573c5350b26d3fc487d4e948625:40000000000]
