[0;35m[DEBUG] [0m[0;34m2020/12/02 20:41:48 [0m[0;33mgithub.com/XieGuochao/HippoCoin/host.(*SingleMiningFunction).New:mining-functions.go:28 [0muse single mining
[0;35m[DEBUG] [0m[0;34m2020/12/02 20:41:48 [0m[0;33mgithub.com/XieGuochao/HippoCoin/host.(*HippoRegister).New:register.go:41 [0mcreate register client success &{0xc000077e00 }
[0;35m[DEBUG] [0m[0;34m2020/12/02 20:41:48 [0m[0;33mgithub.com/XieGuochao/HippoCoin/host.(*HippoRegister).New:register.go:48 [0mregister ping success
[0;35m[DEBUG] [0m[0;34m2020/12/02 20:41:48 [0m[0;33mgithub.com/XieGuochao/HippoCoin/host.(*HippoNetworkClient).SyncNeighbors.func1:network.go:539 [0mneighbors: []
[0;35m[DEBUG] [0m[0;34m2020/12/02 20:41:48 [0m[0;33mgithub.com/XieGuochao/HippoCoin/host.(*HippoNetworkClient).EvictNeighbors:network.go:505 [0m[]
[0;35m[DEBUG] [0m[0;34m2020/12/02 20:41:48 [0m[0;33mgithub.com/XieGuochao/HippoCoin/host.(*HippoNetworkClient).SyncNeighbors.func1:network.go:542 [0mneighbors after eviction: []
[0;35m[DEBUG] [0m[0;34m2020/12/02 20:41:48 [0m[0;33mgithub.com/XieGuochao/HippoCoin/host.(*HippoNetworkClient).SyncNeighbors.func1:network.go:545 [0msync neighbors stop: 31
[0;35m[DEBUG] [0m[0;34m2020/12/02 20:41:48 [0m[0;33mgithub.com/XieGuochao/HippoCoin/host.(*MiningQueue).add:mining-queue.go:127 [0madd block to mining queue: 333b4af0539d12d95cbc329bea62a3039dea83e977bea116d07a6a0f112041b2
[0;35m[DEBUG] [0m[0;34m2020/12/02 20:41:48 [0m[0;33mgithub.com/XieGuochao/HippoCoin/host.(*MiningQueue).main:mining-queue.go:87 [0mnew block to mining queue: 333b4af0539d12d95cbc329bea62a3039dea83e977bea116d07a6a0f112041b2
[0;35m[DEBUG] [0m[0;34m2020/12/02 20:41:48 [0m[0;33mgithub.com/XieGuochao/HippoCoin/host.mineBase:mining-functions.go:126 [0mmineBase numBytes: 235
[0;35m[DEBUG] [0m[0;34m2020/12/02 20:41:48 [0m[0;33mgithub.com/XieGuochao/HippoCoin/host.mineBase:mining-functions.go:127 [0mbaseHash: 3a97d612d32ef694bebd2d28f32500bf63fe4a8ef926fb6e846cd5a1e38c7cb9
[0;35m[DEBUG] [0m[0;34m2020/12/02 20:41:48 [0m[0;33mgithub.com/XieGuochao/HippoCoin/host.mineBase:mining-functions.go:141 [0m[0] found: 1155239224
[0;35m[DEBUG] [0m[0;34m2020/12/02 20:41:48 [0m[0;33mgithub.com/XieGuochao/HippoCoin/host.(*HippoBroadcastQueue).Add:broadcast-queue.go:56 [0mbroadcast queue add: 333b4af0539d12d95cbc329bea62a3039dea83e977bea116d07a6a0f112041b2
[0;35m[DEBUG] [0m[0;34m2020/12/02 20:41:48 [0m[0;33mgithub.com/XieGuochao/HippoCoin/host.(*HippoBroadcastQueue).Run.func1:broadcast-queue.go:69 [0mbroadcast queue receive broadcast block
[0;35m[DEBUG] [0m[0;34m2020/12/02 20:41:48 [0m[0;33mgithub.com/XieGuochao/HippoCoin/host.(*HippoBroadcastQueue).broadcastBlockSend:broadcast-queue.go:83 [0mreceive broadcast block
[0;35m[DEBUG] [0m[0;34m2020/12/02 20:41:48 [0m[0;33mgithub.com/XieGuochao/HippoCoin/host.(*HippoBroadcastQueue).broadcastBlockSend:broadcast-queue.go:85 [0mneighbors all: []
[0;35m[DEBUG] [0m[0;34m2020/12/02 20:41:48 [0m[0;33mgithub.com/XieGuochao/HippoCoin/host.(*HippoBroadcastQueue).broadcastBlockSend:broadcast-queue.go:99 [0mneighbors to send: map[]
[0;35m[DEBUG] [0m[0;34m2020/12/02 20:41:48 [0m[0;33mgithub.com/XieGuochao/HippoCoin/host.(*HippoBroadcastQueue).broadcastBlockSend:broadcast-queue.go:110 [0mbroadcast send done.
[0;35m[DEBUG] [0m[0;34m2020/12/02 20:41:48 [0m[0;33mgithub.com/XieGuochao/HippoCoin/host.(*HippoStorage).Add:storage.go:158 [0mmain chain: [0xc0002d6dc0]
[0;35m[DEBUG] [0m[0;34m2020/12/02 20:41:48 [0m[0;33mgithub.com/XieGuochao/HippoCoin/host.(*HippoStorage).Add:storage.go:173 [0mupdate balance end.
[0;35m[DEBUG] [0m[0;34m2020/12/02 20:41:48 [0m[0;33mgithub.com/XieGuochao/HippoCoin/host.(*HippoStorage).Add:storage.go:174 [0mbalance: map[2ce6c57fbb62542d01ff02552ad293fa8e0b505780d72045cfa0b79d|34707e65d23c95f7e5eaa8cefaf28bd4f60b2cbf53dfd51a363aa7c9:10000000000]
[0;35m[DEBUG] [0m[0;34m2020/12/02 20:41:49 [0m[0;33mgithub.com/XieGuochao/HippoCoin/host.BasicDifficulty:block.go:333 [0mdifficulty: lastinterval -1
[0;35m[DEBUG] [0m[0;34m2020/12/02 20:41:49 [0m[0;33mgithub.com/XieGuochao/HippoCoin/host.(*MiningQueue).add:mining-queue.go:127 [0madd block to mining queue: ad473dd71ffbd72cfc7b1f1a6be63cee90904cc0d302f58f0881fa711580114c
[0;35m[DEBUG] [0m[0;34m2020/12/02 20:41:49 [0m[0;33mgithub.com/XieGuochao/HippoCoin/host.(*MiningQueue).main:mining-queue.go:87 [0mnew block to mining queue: ad473dd71ffbd72cfc7b1f1a6be63cee90904cc0d302f58f0881fa711580114c
[0;35m[DEBUG] [0m[0;34m2020/12/02 20:41:49 [0m[0;33mgithub.com/XieGuochao/HippoCoin/host.mineBase:mining-functions.go:126 [0mmineBase numBytes: 235
[0;35m[DEBUG] [0m[0;34m2020/12/02 20:41:49 [0m[0;33mgithub.com/XieGuochao/HippoCoin/host.mineBase:mining-functions.go:127 [0mbaseHash: 3a175cb09cb88f73ac6d480cedfc7b2c52a3344f4d8661229d3145796be06ad5
[0;35m[DEBUG] [0m[0;34m2020/12/02 20:41:53 [0m[0;33mgithub.com/XieGuochao/HippoCoin/host.mineBase:mining-functions.go:141 [0m[0] found: 3418600796
[0;35m[DEBUG] [0m[0;34m2020/12/02 20:41:53 [0m[0;33mgithub.com/XieGuochao/HippoCoin/host.(*HippoBroadcastQueue).Add:broadcast-queue.go:56 [0mbroadcast queue add: ad473dd71ffbd72cfc7b1f1a6be63cee90904cc0d302f58f0881fa711580114c
[0;35m[DEBUG] [0m[0;34m2020/12/02 20:41:53 [0m[0;33mgithub.com/XieGuochao/HippoCoin/host.(*HippoBroadcastQueue).Run.func1:broadcast-queue.go:69 [0mbroadcast queue receive broadcast block
[0;35m[DEBUG] [0m[0;34m2020/12/02 20:41:53 [0m[0;33mgithub.com/XieGuochao/HippoCoin/host.(*HippoBroadcastQueue).broadcastBlockSend:broadcast-queue.go:83 [0mreceive broadcast block
[0;35m[DEBUG] [0m[0;34m2020/12/02 20:41:53 [0m[0;33mgithub.com/XieGuochao/HippoCoin/host.(*HippoBroadcastQueue).broadcastBlockSend:broadcast-queue.go:85 [0mneighbors all: []
[0;35m[DEBUG] [0m[0;34m2020/12/02 20:41:53 [0m[0;33mgithub.com/XieGuochao/HippoCoin/host.(*HippoBroadcastQueue).broadcastBlockSend:broadcast-queue.go:99 [0mneighbors to send: map[]
[0;35m[DEBUG] [0m[0;34m2020/12/02 20:41:53 [0m[0;33mgithub.com/XieGuochao/HippoCoin/host.(*HippoBroadcastQueue).broadcastBlockSend:broadcast-queue.go:110 [0mbroadcast send done.
[0;35m[DEBUG] [0m[0;34m2020/12/02 20:41:53 [0m[0;33mgithub.com/XieGuochao/HippoCoin/host.(*HippoStorage).Add:storage.go:158 [0mmain chain: [0xc0002d6dc0 0xc000278000]
[0;35m[DEBUG] [0m[0;34m2020/12/02 20:41:53 [0m[0;33mgithub.com/XieGuochao/HippoCoin/host.(*HippoStorage).Add:storage.go:173 [0mupdate balance end.
[0;35m[DEBUG] [0m[0;34m2020/12/02 20:41:53 [0m[0;33mgithub.com/XieGuochao/HippoCoin/host.(*HippoStorage).Add:storage.go:174 [0mbalance: map[2ce6c57fbb62542d01ff02552ad293fa8e0b505780d72045cfa0b79d|34707e65d23c95f7e5eaa8cefaf28bd4f60b2cbf53dfd51a363aa7c9:20000000000]
[0;35m[DEBUG] [0m[0;34m2020/12/02 20:41:54 [0m[0;33mgithub.com/XieGuochao/HippoCoin/host.BasicDifficulty:block.go:333 [0mdifficulty: lastinterval 1
[0;35m[DEBUG] [0m[0;34m2020/12/02 20:41:54 [0m[0;33mgithub.com/XieGuochao/HippoCoin/host.(*MiningQueue).add:mining-queue.go:127 [0madd block to mining queue: 31f841612d22e27582ba84b5526727bb43f011c21d29ab89a0b96568ddeebf0d
[0;35m[DEBUG] [0m[0;34m2020/12/02 20:41:54 [0m[0;33mgithub.com/XieGuochao/HippoCoin/host.(*MiningQueue).main:mining-queue.go:87 [0mnew block to mining queue: 31f841612d22e27582ba84b5526727bb43f011c21d29ab89a0b96568ddeebf0d
[0;35m[DEBUG] [0m[0;34m2020/12/02 20:41:54 [0m[0;33mgithub.com/XieGuochao/HippoCoin/host.mineBase:mining-functions.go:126 [0mmineBase numBytes: 234
[0;35m[DEBUG] [0m[0;34m2020/12/02 20:41:54 [0m[0;33mgithub.com/XieGuochao/HippoCoin/host.mineBase:mining-functions.go:127 [0mbaseHash: 9e550d179e7073acd8d8cb5d72ea72ece452155d6f8eb0d1c2b818bb505fe72a
[0;35m[DEBUG] [0m[0;34m2020/12/02 20:42:00 [0m[0;33mgithub.com/XieGuochao/HippoCoin/ui.(*UI).New.func3:ui.go:96 [0mmap[333b4af0539d12d95cbc329bea62a3039dea83e977bea116d07a6a0f112041b2:0xc0002d6dc0 ad473dd71ffbd72cfc7b1f1a6be63cee90904cc0d302f58f0881fa711580114c:0xc000278000]
[0;35m[DEBUG] [0m[0;34m2020/12/02 20:42:01 [0m[0;33mgithub.com/XieGuochao/HippoCoin/host.mineBase:mining-functions.go:141 [0m[0] found: 2362051461
[0;35m[DEBUG] [0m[0;34m2020/12/02 20:42:01 [0m[0;33mgithub.com/XieGuochao/HippoCoin/host.(*HippoBroadcastQueue).Add:broadcast-queue.go:56 [0mbroadcast queue add: 31f841612d22e27582ba84b5526727bb43f011c21d29ab89a0b96568ddeebf0d
[0;35m[DEBUG] [0m[0;34m2020/12/02 20:42:01 [0m[0;33mgithub.com/XieGuochao/HippoCoin/host.(*HippoBroadcastQueue).Run.func1:broadcast-queue.go:69 [0mbroadcast queue receive broadcast block
[0;35m[DEBUG] [0m[0;34m2020/12/02 20:42:01 [0m[0;33mgithub.com/XieGuochao/HippoCoin/host.(*HippoBroadcastQueue).broadcastBlockSend:broadcast-queue.go:83 [0mreceive broadcast block
[0;35m[DEBUG] [0m[0;34m2020/12/02 20:42:01 [0m[0;33mgithub.com/XieGuochao/HippoCoin/host.(*HippoBroadcastQueue).broadcastBlockSend:broadcast-queue.go:85 [0mneighbors all: []
[0;35m[DEBUG] [0m[0;34m2020/12/02 20:42:01 [0m[0;33mgithub.com/XieGuochao/HippoCoin/host.(*HippoBroadcastQueue).broadcastBlockSend:broadcast-queue.go:99 [0mneighbors to send: map[]
[0;35m[DEBUG] [0m[0;34m2020/12/02 20:42:01 [0m[0;33mgithub.com/XieGuochao/HippoCoin/host.(*HippoBroadcastQueue).broadcastBlockSend:broadcast-queue.go:110 [0mbroadcast send done.
[0;35m[DEBUG] [0m[0;34m2020/12/02 20:42:01 [0m[0;33mgithub.com/XieGuochao/HippoCoin/host.(*HippoStorage).Add:storage.go:158 [0mmain chain: [0xc0002d6dc0 0xc000278000 0xc0002d6460]
[0;35m[DEBUG] [0m[0;34m2020/12/02 20:42:01 [0m[0;33mgithub.com/XieGuochao/HippoCoin/host.(*HippoStorage).Add:storage.go:173 [0mupdate balance end.
[0;35m[DEBUG] [0m[0;34m2020/12/02 20:42:01 [0m[0;33mgithub.com/XieGuochao/HippoCoin/host.(*HippoStorage).Add:storage.go:174 [0mbalance: map[2ce6c57fbb62542d01ff02552ad293fa8e0b505780d72045cfa0b79d|34707e65d23c95f7e5eaa8cefaf28bd4f60b2cbf53dfd51a363aa7c9:30000000000]
[0;35m[DEBUG] [0m[0;34m2020/12/02 20:42:02 [0m[0;33mgithub.com/XieGuochao/HippoCoin/host.BasicDifficulty:block.go:333 [0mdifficulty: lastinterval 5
[0;35m[DEBUG] [0m[0;34m2020/12/02 20:42:02 [0m[0;33mgithub.com/XieGuochao/HippoCoin/host.(*MiningQueue).add:mining-queue.go:127 [0madd block to mining queue: 0947f09ca6d978bcef7894abffab1845d1b080e7a890409e97b147ca4322153b
[0;35m[DEBUG] [0m[0;34m2020/12/02 20:42:02 [0m[0;33mgithub.com/XieGuochao/HippoCoin/host.(*MiningQueue).main:mining-queue.go:87 [0mnew block to mining queue: 0947f09ca6d978bcef7894abffab1845d1b080e7a890409e97b147ca4322153b
[0;35m[DEBUG] [0m[0;34m2020/12/02 20:42:02 [0m[0;33mgithub.com/XieGuochao/HippoCoin/host.mineBase:mining-functions.go:126 [0mmineBase numBytes: 233
[0;35m[DEBUG] [0m[0;34m2020/12/02 20:42:02 [0m[0;33mgithub.com/XieGuochao/HippoCoin/host.mineBase:mining-functions.go:127 [0mbaseHash: f8ce988482ca7da9af16581a2fd1bd84de108b87011b0edb9764b3f868597658
[0;35m[DEBUG] [0m[0;34m2020/12/02 20:42:02 [0m[0;33mgithub.com/XieGuochao/HippoCoin/host.mineBase:mining-functions.go:141 [0m[0] found: 3899723089
[0;35m[DEBUG] [0m[0;34m2020/12/02 20:42:02 [0m[0;33mgithub.com/XieGuochao/HippoCoin/host.(*HippoBroadcastQueue).Add:broadcast-queue.go:56 [0mbroadcast queue add: 0947f09ca6d978bcef7894abffab1845d1b080e7a890409e97b147ca4322153b
[0;35m[DEBUG] [0m[0;34m2020/12/02 20:42:02 [0m[0;33mgithub.com/XieGuochao/HippoCoin/host.(*HippoBroadcastQueue).Run.func1:broadcast-queue.go:69 [0mbroadcast queue receive broadcast block
[0;35m[DEBUG] [0m[0;34m2020/12/02 20:42:02 [0m[0;33mgithub.com/XieGuochao/HippoCoin/host.(*HippoBroadcastQueue).broadcastBlockSend:broadcast-queue.go:83 [0mreceive broadcast block
[0;35m[DEBUG] [0m[0;34m2020/12/02 20:42:02 [0m[0;33mgithub.com/XieGuochao/HippoCoin/host.(*HippoBroadcastQueue).broadcastBlockSend:broadcast-queue.go:85 [0mneighbors all: []
[0;35m[DEBUG] [0m[0;34m2020/12/02 20:42:02 [0m[0;33mgithub.com/XieGuochao/HippoCoin/host.(*HippoBroadcastQueue).broadcastBlockSend:broadcast-queue.go:99 [0mneighbors to send: map[]
[0;35m[DEBUG] [0m[0;34m2020/12/02 20:42:02 [0m[0;33mgithub.com/XieGuochao/HippoCoin/host.(*HippoBroadcastQueue).broadcastBlockSend:broadcast-queue.go:110 [0mbroadcast send done.
[0;35m[DEBUG] [0m[0;34m2020/12/02 20:42:02 [0m[0;33mgithub.com/XieGuochao/HippoCoin/host.(*HippoStorage).Add:storage.go:158 [0mmain chain: [0xc0002d6dc0 0xc000278000 0xc0002d6460 0xc0002d6960]
[0;35m[DEBUG] [0m[0;34m2020/12/02 20:42:02 [0m[0;33mgithub.com/XieGuochao/HippoCoin/host.(*HippoStorage).Add:storage.go:173 [0mupdate balance end.
[0;35m[DEBUG] [0m[0;34m2020/12/02 20:42:02 [0m[0;33mgithub.com/XieGuochao/HippoCoin/host.(*HippoStorage).Add:storage.go:174 [0mbalance: map[2ce6c57fbb62542d01ff02552ad293fa8e0b505780d72045cfa0b79d|34707e65d23c95f7e5eaa8cefaf28bd4f60b2cbf53dfd51a363aa7c9:40000000000]
[0;35m[DEBUG] [0m[0;34m2020/12/02 20:42:03 [0m[0;33mgithub.com/XieGuochao/HippoCoin/host.BasicDifficulty:block.go:333 [0mdifficulty: lastinterval 8
[0;35m[DEBUG] [0m[0;34m2020/12/02 20:42:03 [0m[0;33mgithub.com/XieGuochao/HippoCoin/host.(*MiningQueue).add:mining-queue.go:127 [0madd block to mining queue: ee7f01a72116552c05682d2041aafb58fbea7075354da9ea2ead52a62885c125
[0;35m[DEBUG] [0m[0;34m2020/12/02 20:42:03 [0m[0;33mgithub.com/XieGuochao/HippoCoin/host.(*MiningQueue).main:mining-queue.go:87 [0mnew block to mining queue: ee7f01a72116552c05682d2041aafb58fbea7075354da9ea2ead52a62885c125
[0;35m[DEBUG] [0m[0;34m2020/12/02 20:42:03 [0m[0;33mgithub.com/XieGuochao/HippoCoin/host.mineBase:mining-functions.go:126 [0mmineBase numBytes: 232
[0;35m[DEBUG] [0m[0;34m2020/12/02 20:42:03 [0m[0;33mgithub.com/XieGuochao/HippoCoin/host.mineBase:mining-functions.go:127 [0mbaseHash: db0ce4c77a300f6f949437b31dd9e8c0cecca86d61ec75297e76d17e8d52847d
