[0;35m[DEBUG] [0m[0;34m2020/12/02 20:43:22 [0m[0;33mgithub.com/XieGuochao/HippoCoin/host.(*SingleMiningFunction).New:mining-functions.go:28 [0muse single mining
[0;35m[DEBUG] [0m[0;34m2020/12/02 20:43:22 [0m[0;33mgithub.com/XieGuochao/HippoCoin/host.(*HippoRegister).New:register.go:41 [0mcreate register client success &{0xc000077e00 }
[0;35m[DEBUG] [0m[0;34m2020/12/02 20:43:22 [0m[0;33mgithub.com/XieGuochao/HippoCoin/host.(*HippoRegister).New:register.go:48 [0mregister ping success
[0;35m[DEBUG] [0m[0;34m2020/12/02 20:43:22 [0m[0;33mgithub.com/XieGuochao/HippoCoin/host.(*MiningQueue).add:mining-queue.go:127 [0madd block to mining queue: 6a4ba20edda569372ca56ea844f4289ef6ce6a0043de9e8578c385ef26b2290a
[0;35m[DEBUG] [0m[0;34m2020/12/02 20:43:22 [0m[0;33mgithub.com/XieGuochao/HippoCoin/host.(*MiningQueue).main:mining-queue.go:87 [0mnew block to mining queue: 6a4ba20edda569372ca56ea844f4289ef6ce6a0043de9e8578c385ef26b2290a
[0;35m[DEBUG] [0m[0;34m2020/12/02 20:43:22 [0m[0;33mgithub.com/XieGuochao/HippoCoin/host.mineBase:mining-functions.go:126 [0mmineBase numBytes: 235
[0;35m[DEBUG] [0m[0;34m2020/12/02 20:43:22 [0m[0;33mgithub.com/XieGuochao/HippoCoin/host.mineBase:mining-functions.go:127 [0mbaseHash: 194256721289c0c6cb2c3e4125cdb5b29541d8f5a08716e3994ec3e3b86134ae
[0;35m[DEBUG] [0m[0;34m2020/12/02 20:43:22 [0m[0;33mgithub.com/XieGuochao/HippoCoin/host.(*HippoNetworkClient).SyncNeighbors.func1:network.go:539 [0mneighbors: []
[0;35m[DEBUG] [0m[0;34m2020/12/02 20:43:22 [0m[0;33mgithub.com/XieGuochao/HippoCoin/host.(*HippoNetworkClient).EvictNeighbors:network.go:505 [0m[]
[0;35m[DEBUG] [0m[0;34m2020/12/02 20:43:22 [0m[0;33mgithub.com/XieGuochao/HippoCoin/host.(*HippoNetworkClient).SyncNeighbors.func1:network.go:542 [0mneighbors after eviction: []
[0;35m[DEBUG] [0m[0;34m2020/12/02 20:43:22 [0m[0;33mgithub.com/XieGuochao/HippoCoin/host.(*HippoNetworkClient).SyncNeighbors.func1:network.go:545 [0msync neighbors stop: 36
[0;35m[DEBUG] [0m[0;34m2020/12/02 20:43:24 [0m[0;33mgithub.com/XieGuochao/HippoCoin/host.mineBase:mining-functions.go:141 [0m[0] found: 3345397525
[0;35m[DEBUG] [0m[0;34m2020/12/02 20:43:24 [0m[0;33mgithub.com/XieGuochao/HippoCoin/host.(*HippoBroadcastQueue).Add:broadcast-queue.go:56 [0mbroadcast queue add: 6a4ba20edda569372ca56ea844f4289ef6ce6a0043de9e8578c385ef26b2290a
[0;35m[DEBUG] [0m[0;34m2020/12/02 20:43:24 [0m[0;33mgithub.com/XieGuochao/HippoCoin/host.(*HippoBroadcastQueue).Run.func1:broadcast-queue.go:69 [0mbroadcast queue receive broadcast block
[0;35m[DEBUG] [0m[0;34m2020/12/02 20:43:24 [0m[0;33mgithub.com/XieGuochao/HippoCoin/host.(*HippoBroadcastQueue).broadcastBlockSend:broadcast-queue.go:83 [0mreceive broadcast block
[0;35m[DEBUG] [0m[0;34m2020/12/02 20:43:24 [0m[0;33mgithub.com/XieGuochao/HippoCoin/host.(*HippoBroadcastQueue).broadcastBlockSend:broadcast-queue.go:85 [0mneighbors all: []
[0;35m[DEBUG] [0m[0;34m2020/12/02 20:43:24 [0m[0;33mgithub.com/XieGuochao/HippoCoin/host.(*HippoBroadcastQueue).broadcastBlockSend:broadcast-queue.go:99 [0mneighbors to send: map[]
[0;35m[DEBUG] [0m[0;34m2020/12/02 20:43:24 [0m[0;33mgithub.com/XieGuochao/HippoCoin/host.(*HippoBroadcastQueue).broadcastBlockSend:broadcast-queue.go:110 [0mbroadcast send done.
[0;35m[DEBUG] [0m[0;34m2020/12/02 20:43:24 [0m[0;33mgithub.com/XieGuochao/HippoCoin/host.(*HippoStorage).Add:storage.go:158 [0mmain chain: [0xc0002cedc0]
[0;35m[DEBUG] [0m[0;34m2020/12/02 20:43:24 [0m[0;33mgithub.com/XieGuochao/HippoCoin/host.(*HippoStorage).Add:storage.go:173 [0mupdate balance end.
[0;35m[DEBUG] [0m[0;34m2020/12/02 20:43:24 [0m[0;33mgithub.com/XieGuochao/HippoCoin/host.(*HippoStorage).Add:storage.go:174 [0mbalance: map[622dd748cb537dbaf13cead1187764729483539a23c92cedbc651d08|15ea278019ddced5894ec64cf2a4fda3d099b3237b806d8d0a73e76a:10000000000]
[0;35m[DEBUG] [0m[0;34m2020/12/02 20:43:24 [0m[0;33mgithub.com/XieGuochao/HippoCoin/ui.(*UI).New.func3:ui.go:96 [0mmap[6a4ba20edda569372ca56ea844f4289ef6ce6a0043de9e8578c385ef26b2290a:0xc0002cedc0]
[0;35m[DEBUG] [0m[0;34m2020/12/02 20:43:24 [0m[0;33mgithub.com/XieGuochao/HippoCoin/host.BasicDifficulty:block.go:333 [0mdifficulty: lastinterval -1
[0;35m[DEBUG] [0m[0;34m2020/12/02 20:43:24 [0m[0;33mgithub.com/XieGuochao/HippoCoin/host.(*MiningQueue).add:mining-queue.go:127 [0madd block to mining queue: f85917cfa68f70d2b6cdf288826d9cbcfffc65e48f356632ad31ce38ee96cce9
[0;35m[DEBUG] [0m[0;34m2020/12/02 20:43:24 [0m[0;33mgithub.com/XieGuochao/HippoCoin/host.(*MiningQueue).main:mining-queue.go:87 [0mnew block to mining queue: f85917cfa68f70d2b6cdf288826d9cbcfffc65e48f356632ad31ce38ee96cce9
[0;35m[DEBUG] [0m[0;34m2020/12/02 20:43:24 [0m[0;33mgithub.com/XieGuochao/HippoCoin/host.mineBase:mining-functions.go:126 [0mmineBase numBytes: 235
[0;35m[DEBUG] [0m[0;34m2020/12/02 20:43:24 [0m[0;33mgithub.com/XieGuochao/HippoCoin/host.mineBase:mining-functions.go:127 [0mbaseHash: 4706ff4ecd38b02922c68e72617d135303b17765b1fefaeffec03642aacc56d6
[0;35m[DEBUG] [0m[0;34m2020/12/02 20:43:25 [0m[0;33mgithub.com/XieGuochao/HippoCoin/ui.(*UI).New.func3:ui.go:96 [0mmap[6a4ba20edda569372ca56ea844f4289ef6ce6a0043de9e8578c385ef26b2290a:0xc0002cedc0]
[0;35m[DEBUG] [0m[0;34m2020/12/02 20:43:25 [0m[0;33mgithub.com/XieGuochao/HippoCoin/host.mineBase:mining-functions.go:141 [0m[0] found: 1037010573
[0;35m[DEBUG] [0m[0;34m2020/12/02 20:43:25 [0m[0;33mgithub.com/XieGuochao/HippoCoin/host.(*HippoBroadcastQueue).Add:broadcast-queue.go:56 [0mbroadcast queue add: f85917cfa68f70d2b6cdf288826d9cbcfffc65e48f356632ad31ce38ee96cce9
[0;35m[DEBUG] [0m[0;34m2020/12/02 20:43:25 [0m[0;33mgithub.com/XieGuochao/HippoCoin/host.(*HippoBroadcastQueue).Run.func1:broadcast-queue.go:69 [0mbroadcast queue receive broadcast block
[0;35m[DEBUG] [0m[0;34m2020/12/02 20:43:25 [0m[0;33mgithub.com/XieGuochao/HippoCoin/host.(*HippoBroadcastQueue).broadcastBlockSend:broadcast-queue.go:83 [0mreceive broadcast block
[0;35m[DEBUG] [0m[0;34m2020/12/02 20:43:25 [0m[0;33mgithub.com/XieGuochao/HippoCoin/host.(*HippoBroadcastQueue).broadcastBlockSend:broadcast-queue.go:85 [0mneighbors all: []
[0;35m[DEBUG] [0m[0;34m2020/12/02 20:43:25 [0m[0;33mgithub.com/XieGuochao/HippoCoin/host.(*HippoBroadcastQueue).broadcastBlockSend:broadcast-queue.go:99 [0mneighbors to send: map[]
[0;35m[DEBUG] [0m[0;34m2020/12/02 20:43:25 [0m[0;33mgithub.com/XieGuochao/HippoCoin/host.(*HippoBroadcastQueue).broadcastBlockSend:broadcast-queue.go:110 [0mbroadcast send done.
[0;35m[DEBUG] [0m[0;34m2020/12/02 20:43:25 [0m[0;33mgithub.com/XieGuochao/HippoCoin/host.(*HippoStorage).Add:storage.go:158 [0mmain chain: [0xc0002cedc0 0xc000598140]
[0;35m[DEBUG] [0m[0;34m2020/12/02 20:43:25 [0m[0;33mgithub.com/XieGuochao/HippoCoin/host.(*HippoStorage).Add:storage.go:173 [0mupdate balance end.
[0;35m[DEBUG] [0m[0;34m2020/12/02 20:43:25 [0m[0;33mgithub.com/XieGuochao/HippoCoin/host.(*HippoStorage).Add:storage.go:174 [0mbalance: map[622dd748cb537dbaf13cead1187764729483539a23c92cedbc651d08|15ea278019ddced5894ec64cf2a4fda3d099b3237b806d8d0a73e76a:20000000000]
[0;35m[DEBUG] [0m[0;34m2020/12/02 20:43:25 [0m[0;33mgithub.com/XieGuochao/HippoCoin/host.BasicDifficulty:block.go:333 [0mdifficulty: lastinterval 2
[0;35m[DEBUG] [0m[0;34m2020/12/02 20:43:25 [0m[0;33mgithub.com/XieGuochao/HippoCoin/host.(*MiningQueue).add:mining-queue.go:127 [0madd block to mining queue: fce38420b6652170e2656d5cce0688fe06c38c7f95cf7fbbedce959301b38258
[0;35m[DEBUG] [0m[0;34m2020/12/02 20:43:25 [0m[0;33mgithub.com/XieGuochao/HippoCoin/host.(*MiningQueue).main:mining-queue.go:87 [0mnew block to mining queue: fce38420b6652170e2656d5cce0688fe06c38c7f95cf7fbbedce959301b38258
[0;35m[DEBUG] [0m[0;34m2020/12/02 20:43:25 [0m[0;33mgithub.com/XieGuochao/HippoCoin/host.mineBase:mining-functions.go:126 [0mmineBase numBytes: 234
[0;35m[DEBUG] [0m[0;34m2020/12/02 20:43:25 [0m[0;33mgithub.com/XieGuochao/HippoCoin/host.mineBase:mining-functions.go:127 [0mbaseHash: f70723134e0fec14be6f879a3be4a3e41261992a7b9f2c2aa02178518f2d3b61
[0;35m[DEBUG] [0m[0;34m2020/12/02 20:43:26 [0m[0;33mgithub.com/XieGuochao/HippoCoin/ui.(*UI).New.func3:ui.go:96 [0mmap[6a4ba20edda569372ca56ea844f4289ef6ce6a0043de9e8578c385ef26b2290a:0xc0002cedc0 f85917cfa68f70d2b6cdf288826d9cbcfffc65e48f356632ad31ce38ee96cce9:0xc000598140]
[0;35m[DEBUG] [0m[0;34m2020/12/02 20:43:26 [0m[0;33mgithub.com/XieGuochao/HippoCoin/ui.(*UI).New.func3:ui.go:96 [0mmap[6a4ba20edda569372ca56ea844f4289ef6ce6a0043de9e8578c385ef26b2290a:0xc0002cedc0 f85917cfa68f70d2b6cdf288826d9cbcfffc65e48f356632ad31ce38ee96cce9:0xc000598140]
[0;35m[DEBUG] [0m[0;34m2020/12/02 20:43:29 [0m[0;33mgithub.com/XieGuochao/HippoCoin/host.mineBase:mining-functions.go:141 [0m[0] found: 2734796561
[0;35m[DEBUG] [0m[0;34m2020/12/02 20:43:29 [0m[0;33mgithub.com/XieGuochao/HippoCoin/host.(*HippoBroadcastQueue).Add:broadcast-queue.go:56 [0mbroadcast queue add: fce38420b6652170e2656d5cce0688fe06c38c7f95cf7fbbedce959301b38258
[0;35m[DEBUG] [0m[0;34m2020/12/02 20:43:29 [0m[0;33mgithub.com/XieGuochao/HippoCoin/host.(*HippoBroadcastQueue).Run.func1:broadcast-queue.go:69 [0mbroadcast queue receive broadcast block
[0;35m[DEBUG] [0m[0;34m2020/12/02 20:43:29 [0m[0;33mgithub.com/XieGuochao/HippoCoin/host.(*HippoBroadcastQueue).broadcastBlockSend:broadcast-queue.go:83 [0mreceive broadcast block
[0;35m[DEBUG] [0m[0;34m2020/12/02 20:43:29 [0m[0;33mgithub.com/XieGuochao/HippoCoin/host.(*HippoBroadcastQueue).broadcastBlockSend:broadcast-queue.go:85 [0mneighbors all: []
[0;35m[DEBUG] [0m[0;34m2020/12/02 20:43:29 [0m[0;33mgithub.com/XieGuochao/HippoCoin/host.(*HippoBroadcastQueue).broadcastBlockSend:broadcast-queue.go:99 [0mneighbors to send: map[]
[0;35m[DEBUG] [0m[0;34m2020/12/02 20:43:29 [0m[0;33mgithub.com/XieGuochao/HippoCoin/host.(*HippoBroadcastQueue).broadcastBlockSend:broadcast-queue.go:110 [0mbroadcast send done.
[0;35m[DEBUG] [0m[0;34m2020/12/02 20:43:29 [0m[0;33mgithub.com/XieGuochao/HippoCoin/host.(*HippoStorage).Add:storage.go:158 [0mmain chain: [0xc0002cedc0 0xc000598140 0xc0002ce5a0]
[0;35m[DEBUG] [0m[0;34m2020/12/02 20:43:29 [0m[0;33mgithub.com/XieGuochao/HippoCoin/host.(*HippoStorage).Add:storage.go:173 [0mupdate balance end.
[0;35m[DEBUG] [0m[0;34m2020/12/02 20:43:29 [0m[0;33mgithub.com/XieGuochao/HippoCoin/host.(*HippoStorage).Add:storage.go:174 [0mbalance: map[622dd748cb537dbaf13cead1187764729483539a23c92cedbc651d08|15ea278019ddced5894ec64cf2a4fda3d099b3237b806d8d0a73e76a:30000000000]
[0;35m[DEBUG] [0m[0;34m2020/12/02 20:43:29 [0m[0;33mgithub.com/XieGuochao/HippoCoin/host.BasicDifficulty:block.go:333 [0mdifficulty: lastinterval 1
[0;35m[DEBUG] [0m[0;34m2020/12/02 20:43:29 [0m[0;33mgithub.com/XieGuochao/HippoCoin/host.(*MiningQueue).add:mining-queue.go:127 [0madd block to mining queue: b3ab7f9bc195313152d8fcc26833022d693eabe8677b0a879a48e46f0a597deb
[0;35m[DEBUG] [0m[0;34m2020/12/02 20:43:29 [0m[0;33mgithub.com/XieGuochao/HippoCoin/host.(*MiningQueue).main:mining-queue.go:87 [0mnew block to mining queue: b3ab7f9bc195313152d8fcc26833022d693eabe8677b0a879a48e46f0a597deb
[0;35m[DEBUG] [0m[0;34m2020/12/02 20:43:29 [0m[0;33mgithub.com/XieGuochao/HippoCoin/host.mineBase:mining-functions.go:126 [0mmineBase numBytes: 233
[0;35m[DEBUG] [0m[0;34m2020/12/02 20:43:29 [0m[0;33mgithub.com/XieGuochao/HippoCoin/host.mineBase:mining-functions.go:127 [0mbaseHash: b37ac51c5e883e31918567eefed1c2a51ff1d16ba1df3bc4da3b4e29b52ebb86
